c:\users\jghac\source\repos\c++ longaga\c++ longaga\x64\release\vc143.pdb
c:\users\jghac\source\repos\c++ longaga\c++ longaga\x64\release\tournament.obj
c:\users\jghac\source\repos\c++ longaga\c++ longaga\x64\release\stock.obj
c:\users\jghac\source\repos\c++ longaga\c++ longaga\x64\release\round.obj
c:\users\jghac\source\repos\c++ longaga\c++ longaga\x64\release\player.obj
c:\users\jghac\source\repos\c++ longaga\c++ longaga\x64\release\layout.obj
c:\users\jghac\source\repos\c++ longaga\c++ longaga\x64\release\computer.obj
c:\users\jghac\source\repos\c++ longaga\c++ longaga\x64\release\main.obj
c:\users\jghac\source\repos\c++ longaga\c++ longaga\x64\release\layoutview.obj
c:\users\jghac\source\repos\c++ longaga\c++ longaga\x64\release\human.obj
c:\users\jghac\source\repos\c++ longaga\c++ longaga\x64\release\hand.obj
c:\users\jghac\source\repos\c++ longaga\x64\release\c++ longaga.exe
c:\users\jghac\source\repos\c++ longaga\x64\release\c++ longaga.pdb
c:\users\jghac\source\repos\c++ longaga\x64\release\c++ longaga.lib
c:\users\jghac\source\repos\c++ longaga\x64\release\c++ longaga.exp
c:\users\jghac\source\repos\c++ longaga\c++ longaga\x64\release\c++ longaga.ipdb
c:\users\jghac\source\repos\c++ longaga\c++ longaga\x64\release\c++ longaga.iobj
c:\users\jghac\source\repos\c++ longaga\c++ longaga\x64\release\c++ longaga.tlog\cl.command.1.tlog
c:\users\jghac\source\repos\c++ longaga\c++ longaga\x64\release\c++ longaga.tlog\cl.items.tlog
c:\users\jghac\source\repos\c++ longaga\c++ longaga\x64\release\c++ longaga.tlog\cl.read.1.tlog
c:\users\jghac\source\repos\c++ longaga\c++ longaga\x64\release\c++ longaga.tlog\cl.write.1.tlog
c:\users\jghac\source\repos\c++ longaga\c++ longaga\x64\release\c++ longaga.tlog\link.command.1.tlog
c:\users\jghac\source\repos\c++ longaga\c++ longaga\x64\release\c++ longaga.tlog\link.read.1.tlog
c:\users\jghac\source\repos\c++ longaga\c++ longaga\x64\release\c++ longaga.tlog\link.secondary.1.tlog
c:\users\jghac\source\repos\c++ longaga\c++ longaga\x64\release\c++ longaga.tlog\link.write.1.tlog
